<?xml version="1.0" encoding="UTF-8"?>
<!-- Generated by org.testng.reporters.JUnitReportReporter -->
<testsuite hostname="INBOOK_X1_SLIM" failures="0" tests="1" name="Script.TestScriptTest1" time="0.008" errors="0" timestamp="2023-04-05T13:58:21 IST" skipped="0">
  <testcase classname="Script.TestScriptTest1" name="login" time="0.008"/>
  <system-out/>
</testsuite> <!-- Script.TestScriptTest1 -->
