<?xml version="1.0" encoding="UTF-8"?>
<!-- Generated by org.testng.reporters.JUnitReportReporter -->
<testsuite hostname="INBOOK_X1_SLIM" failures="0" tests="1" name="Script.DatabaseTest" time="49.189" errors="0" timestamp="2023-04-11T11:00:42 IST" skipped="0">
  <testcase classname="Script.DatabaseTest" name="demo" time="49.189"/>
  <system-out/>
</testsuite> <!-- Script.DatabaseTest -->
