<?xml version="1.0" encoding="UTF-8"?>
<!-- Generated by org.testng.reporters.JUnitReportReporter -->
<testsuite hostname="INBOOK_X1_SLIM" failures="0" tests="1" name="Script.TestScriptTest2" time="0.004" errors="0" timestamp="2023-04-11T11:00:42 IST" skipped="0">
  <testcase classname="Script.TestScriptTest2" name="m1" time="0.004"/>
  <system-out/>
</testsuite> <!-- Script.TestScriptTest2 -->
